Clean log - 16/02/2020
2020-02-16 22:03:52,424 INFO __main__ Sarting process SCRAPE from datafile: data_jhu.txt URLBASE: https://github.com/CSSEGISandData/COVID-19/tree/master/csse_covid_19_data/csse_covid_19_daily_reports/ RESETDATAFILE:False DEBUG: False
2020-02-16 22:03:52,462 DEBUG urllib3.connectionpool Starting new HTTPS connection (1): github.com:443
2020-02-16 22:03:52,724 DEBUG urllib3.connectionpool https://github.com:443 "GET /CSSEGISandData/COVID-19/tree/master/csse_covid_19_data/csse_covid_19_daily_reports/ HTTP/1.1" 200 None
2020-02-16 22:03:52,813 INFO __main__ Nothing to add yet into the datafile since:2020-02-15 23:13:05
2020-02-16 22:03:52,814 INFO __main__ Persisting in GIT
2020-02-16 22:03:53,372 DEBUG git.cmd Popen(['git', 'add', 'data_jhu.txt'], cwd=/home/perell/data_2019ncov, universal_newlines=False, shell=None, istream=None)
2020-02-16 22:03:53,857 DEBUG git.cmd Popen(['git', 'add', 'execution.log'], cwd=/home/perell/data_2019ncov, universal_newlines=False, shell=None, istream=None)
2020-02-16 22:03:53,962 DEBUG git.cmd Popen(['git', 'commit', '-m', 'Last on 2020-02-16_22:03:53'], cwd=/home/perell/data_2019ncov, universal_newlines=False, shell=None, istream=None)
2020-02-16 22:03:54,524 DEBUG git.cmd Popen(['git', 'push'], cwd=/home/perell/data_2019ncov, universal_newlines=False, shell=None, istream=None)
2020-02-17 07:35:18,483 INFO __main__ Sarting process SCRAPE from datafile: data_jhu.txt URLBASE: https://github.com/CSSEGISandData/COVID-19/tree/master/csse_covid_19_data/csse_covid_19_daily_reports/ RESETDATAFILE:False DEBUG: False
2020-02-17 07:35:18,510 DEBUG urllib3.connectionpool Starting new HTTPS connection (1): github.com:443
2020-02-17 07:35:18,767 DEBUG urllib3.connectionpool https://github.com:443 "GET /CSSEGISandData/COVID-19/tree/master/csse_covid_19_data/csse_covid_19_daily_reports/ HTTP/1.1" 200 None
2020-02-17 07:35:18,838 DEBUG urllib3.connectionpool Starting new HTTPS connection (1): raw.githubusercontent.com:443
2020-02-17 07:35:18,910 DEBUG urllib3.connectionpool https://raw.githubusercontent.com:443 "GET /CSSEGISandData/COVID-19/master/csse_covid_19_data/csse_covid_19_daily_reports/02-16-2020.csv HTTP/1.1" 200 1246
2020-02-17 07:35:18,925 INFO __main__ Successfull Append of: 1 previous lastdate: 2020-02-15 23:13:05, final last date: 2020-02-16 00:00:00
2020-02-17 07:35:18,925 INFO __main__ Persisting in GIT
2020-02-17 07:35:19,039 DEBUG git.cmd Popen(['git', 'add', 'data_jhu.txt'], cwd=/home/perell/data_2019ncov, universal_newlines=False, shell=None, istream=None)
2020-02-17 07:35:19,119 DEBUG git.cmd Popen(['git', 'add', 'execution.log'], cwd=/home/perell/data_2019ncov, universal_newlines=False, shell=None, istream=None)
2020-02-17 07:35:19,181 DEBUG git.cmd Popen(['git', 'commit', '-m', 'Last on 2020-02-17_07:35:19'], cwd=/home/perell/data_2019ncov, universal_newlines=False, shell=None, istream=None)
2020-02-17 07:35:19,394 DEBUG git.cmd Popen(['git', 'push'], cwd=/home/perell/data_2019ncov, universal_newlines=False, shell=None, istream=None)
2020-02-17 22:03:55,363 INFO __main__ Sarting process SCRAPE from datafile: data_jhu.txt URLBASE: https://github.com/CSSEGISandData/COVID-19/tree/master/csse_covid_19_data/csse_covid_19_daily_reports/ RESETDATAFILE:False DEBUG: False
2020-02-17 22:03:55,405 DEBUG urllib3.connectionpool Starting new HTTPS connection (1): github.com:443
2020-02-17 22:03:55,928 DEBUG urllib3.connectionpool https://github.com:443 "GET /CSSEGISandData/COVID-19/tree/master/csse_covid_19_data/csse_covid_19_daily_reports/ HTTP/1.1" 200 None
2020-02-17 22:03:56,122 INFO __main__ Nothing to add yet into the datafile since:2020-02-16 23:53:01
2020-02-17 22:03:56,123 INFO __main__ Persisting in GIT
2020-02-17 22:03:57,946 DEBUG git.cmd Popen(['git', 'add', 'data_jhu.txt'], cwd=/home/perell/data_2019ncov, universal_newlines=False, shell=None, istream=None)
2020-02-17 22:03:58,029 DEBUG git.cmd Popen(['git', 'add', 'execution.log'], cwd=/home/perell/data_2019ncov, universal_newlines=False, shell=None, istream=None)
2020-02-17 22:03:58,176 DEBUG git.cmd Popen(['git', 'commit', '-m', 'Last on 2020-02-17_22:03:58'], cwd=/home/perell/data_2019ncov, universal_newlines=False, shell=None, istream=None)
2020-02-17 22:04:00,410 DEBUG git.cmd Popen(['git', 'push'], cwd=/home/perell/data_2019ncov, universal_newlines=False, shell=None, istream=None)
2020-02-18 07:35:16,969 INFO __main__ Sarting process SCRAPE from datafile: data_jhu.txt URLBASE: https://github.com/CSSEGISandData/COVID-19/tree/master/csse_covid_19_data/csse_covid_19_daily_reports/ RESETDATAFILE:False DEBUG: False
2020-02-18 07:35:17,016 DEBUG urllib3.connectionpool Starting new HTTPS connection (1): github.com:443
2020-02-18 07:35:17,267 DEBUG urllib3.connectionpool https://github.com:443 "GET /CSSEGISandData/COVID-19/tree/master/csse_covid_19_data/csse_covid_19_daily_reports/ HTTP/1.1" 200 None
2020-02-18 07:35:17,319 DEBUG urllib3.connectionpool Starting new HTTPS connection (1): raw.githubusercontent.com:443
2020-02-18 07:35:17,435 DEBUG urllib3.connectionpool https://raw.githubusercontent.com:443 "GET /CSSEGISandData/COVID-19/master/csse_covid_19_data/csse_covid_19_daily_reports/02-17-2020.csv HTTP/1.1" 200 1272
2020-02-18 07:35:17,450 INFO __main__ Successfull Append of: 1 previous lastdate: 2020-02-16 23:53:01, final last date: 2020-02-17 00:00:00
2020-02-18 07:35:17,450 INFO __main__ Persisting in GIT
2020-02-18 07:35:17,577 DEBUG git.cmd Popen(['git', 'add', 'data_jhu.txt'], cwd=/home/perell/data_2019ncov, universal_newlines=False, shell=None, istream=None)
2020-02-18 07:35:17,659 DEBUG git.cmd Popen(['git', 'add', 'execution.log'], cwd=/home/perell/data_2019ncov, universal_newlines=False, shell=None, istream=None)
